0 info it worked if it ends with ok
1 verbose cli [ '/opt/node-v6.9.1/bin/node',
1 verbose cli   '/usr/local/bin/npm',
1 verbose cli   'run',
1 verbose cli   'watch' ]
2 info using npm@3.10.8
3 info using node@v6.9.1
4 verbose run-script [ 'prewatch', 'watch', 'postwatch' ]
5 info lifecycle hortense-2018@0.0.2~prewatch: hortense-2018@0.0.2
6 silly lifecycle hortense-2018@0.0.2~prewatch: no script for prewatch, continuing
7 info lifecycle hortense-2018@0.0.2~watch: hortense-2018@0.0.2
8 verbose lifecycle hortense-2018@0.0.2~watch: unsafe-perm in lifecycle true
9 verbose lifecycle hortense-2018@0.0.2~watch: PATH: /opt/node-v6.9.1/lib/node_modules/npm/bin/node-gyp-bin:/home/tolokoban/Code/github/hortense-2018/node_modules/.bin:/opt/node-v6.9.1/bin:/opt/emsdk_portable:/home/tolokoban/texlive/2016/bin/x86_64-linux:/usr/local/sbin:/usr/local/bin:/usr/sbin:/usr/bin:/sbin:/bin:/usr/games:/usr/local/games
10 verbose lifecycle hortense-2018@0.0.2~watch: CWD: /home/tolokoban/Code/github/hortense-2018
11 silly lifecycle hortense-2018@0.0.2~watch: Args: [ '-c',
11 silly lifecycle   'node node_modules/toloframework/bin/tfw.js build debug test php watch' ]
12 silly lifecycle hortense-2018@0.0.2~watch: Returned: code: 1  signal: null
13 info lifecycle hortense-2018@0.0.2~watch: Failed to exec watch script
14 verbose stack Error: hortense-2018@0.0.2 watch: `node node_modules/toloframework/bin/tfw.js build debug test php watch`
14 verbose stack Exit status 1
14 verbose stack     at EventEmitter.<anonymous> (/opt/node-v6.9.1/lib/node_modules/npm/lib/utils/lifecycle.js:255:16)
14 verbose stack     at emitTwo (events.js:106:13)
14 verbose stack     at EventEmitter.emit (events.js:191:7)
14 verbose stack     at ChildProcess.<anonymous> (/opt/node-v6.9.1/lib/node_modules/npm/lib/utils/spawn.js:40:14)
14 verbose stack     at emitTwo (events.js:106:13)
14 verbose stack     at ChildProcess.emit (events.js:191:7)
14 verbose stack     at maybeClose (internal/child_process.js:877:16)
14 verbose stack     at Process.ChildProcess._handle.onexit (internal/child_process.js:226:5)
15 verbose pkgid hortense-2018@0.0.2
16 verbose cwd /home/tolokoban/Code/github/hortense-2018
17 error Linux 4.10.0-38-generic
18 error argv "/opt/node-v6.9.1/bin/node" "/usr/local/bin/npm" "run" "watch"
19 error node v6.9.1
20 error npm  v3.10.8
21 error code ELIFECYCLE
22 error hortense-2018@0.0.2 watch: `node node_modules/toloframework/bin/tfw.js build debug test php watch`
22 error Exit status 1
23 error Failed at the hortense-2018@0.0.2 watch script 'node node_modules/toloframework/bin/tfw.js build debug test php watch'.
23 error Make sure you have the latest version of node.js and npm installed.
23 error If you do, this is most likely a problem with the hortense-2018 package,
23 error not with npm itself.
23 error Tell the author that this fails on your system:
23 error     node node_modules/toloframework/bin/tfw.js build debug test php watch
23 error You can get information on how to open an issue for this project with:
23 error     npm bugs hortense-2018
23 error Or if that isn't available, you can get their info via:
23 error     npm owner ls hortense-2018
23 error There is likely additional logging output above.
24 verbose exit [ 1, true ]
